<?xml version="1.0" encoding="UTF-8"?>
<!-- Generated by org.testng.reporters.JUnitReportReporter -->
<testsuite hostname="PC1" failures="0" tests="8" name="TestNG.demo55" time="0.000" errors="1" timestamp="2022-08-23T16:04:34 IST" skipped="7">
  <testcase classname="TestNG.demo55" name="loginFunctionality" time="0.000">
    <error message="
Parameter &#039;username&#039; is required by @Test on method loginFunctionality but has not been marked @Optional or defined
in C:\Users\sonar\AppData\Local\Temp\testng-eclipse-1242634703\testng-customsuite.xml" type="org.testng.TestNGException">
      <![CDATA[org.testng.TestNGException: 
Parameter 'username' is required by @Test on method loginFunctionality but has not been marked @Optional or defined
in C:\Users\sonar\AppData\Local\Temp\testng-eclipse-1242634703\testng-customsuite.xml
at org.testng.internal.Parameters.createParams(Parameters.java:270)
at org.testng.internal.Parameters.createParametersForMethod(Parameters.java:358)
at org.testng.internal.Parameters.createParameters(Parameters.java:700)
at org.testng.internal.Parameters.handleParameters(Parameters.java:884)
at org.testng.internal.Parameters.handleParameters(Parameters.java:740)
at org.testng.internal.ParameterHandler.handleParameters(ParameterHandler.java:59)
at org.testng.internal.ParameterHandler.createParameters(ParameterHandler.java:38)
at org.testng.internal.TestInvoker$MethodInvocationAgent.invoke(TestInvoker.java:791)
at org.testng.internal.TestInvoker.invokeTestMethods(TestInvoker.java:146)
at org.testng.internal.TestMethodWorker.invokeTestMethods(TestMethodWorker.java:146)
at org.testng.internal.TestMethodWorker.run(TestMethodWorker.java:128)
at java.base/java.util.ArrayList.forEach(ArrayList.java:1511)
at org.testng.TestRunner.privateRun(TestRunner.java:794)
at org.testng.TestRunner.run(TestRunner.java:596)
at org.testng.SuiteRunner.runTest(SuiteRunner.java:377)
at org.testng.SuiteRunner.runSequentially(SuiteRunner.java:371)
at org.testng.SuiteRunner.privateRun(SuiteRunner.java:332)
at org.testng.SuiteRunner.run(SuiteRunner.java:276)
at org.testng.SuiteRunnerWorker.runSuite(SuiteRunnerWorker.java:53)
at org.testng.SuiteRunnerWorker.run(SuiteRunnerWorker.java:96)
at org.testng.TestNG.runSuitesSequentially(TestNG.java:1212)
at org.testng.TestNG.runSuitesLocally(TestNG.java:1134)
at org.testng.TestNG.runSuites(TestNG.java:1063)
at org.testng.TestNG.run(TestNG.java:1031)
at org.testng.remote.AbstractRemoteTestNG.run(AbstractRemoteTestNG.java:115)
at org.testng.remote.RemoteTestNG.initAndRun(RemoteTestNG.java:251)
at org.testng.remote.RemoteTestNG.main(RemoteTestNG.java:77)
]]>
    </error>
  </testcase> <!-- loginFunctionality -->
  <system-out/>
  <testcase classname="TestNG.demo55" name="validateHomePageTitle" time="0.000">
    <skipped/>
  </testcase> <!-- validateHomePageTitle -->
  <system-out/>
  <testcase classname="TestNG.demo55" name="validateHomePageUrl" time="0.000">
    <skipped/>
  </testcase> <!-- validateHomePageUrl -->
  <system-out/>
  <testcase classname="TestNG.demo55" name="validateHomePageLogo" time="0.000">
    <skipped/>
  </testcase> <!-- validateHomePageLogo -->
  <system-out/>
  <testcase classname="TestNG.demo55" name="validateUserIsonPIMPage" time="0.000">
    <skipped/>
  </testcase> <!-- validateUserIsonPIMPage -->
  <system-out/>
  <testcase classname="TestNG.demo55" name="createANewEmployee" time="0.000">
    <skipped/>
  </testcase> <!-- createANewEmployee -->
  <system-out/>
  <testcase classname="TestNG.demo55" name="searchEmployeeInPIMPage" time="0.000">
    <skipped/>
  </testcase> <!-- searchEmployeeInPIMPage -->
  <system-out/>
  <testcase classname="TestNG.demo55" name="deleteUserInPIM" time="0.000">
    <skipped/>
  </testcase> <!-- deleteUserInPIM -->
  <system-out/>
</testsuite> <!-- TestNG.demo55 -->
