<?xml version="1.0" encoding="UTF-8"?>
<!-- Generated by org.testng.reporters.JUnitXMLReporter -->
<testsuite ignored="0" hostname="PC1" failures="2" tests="25" name="Default test(failed)" time="0.219" errors="0" timestamp="2022-08-20T07:37:27 IST">
  <testcase classname="TestNG.demo19" name="@BeforeTest setUP" time="-1.660961247377E9">
    <failure type="org.testng.TestNGException" message="
Parameter &amp;apos;browsertype&amp;apos; is required by BeforeTest on method setUP but has not been marked @Optional or defined
in C:\Users\sonar\eclipse-workspace\SeliniumData\test-output\testng-failed.xml">
      <![CDATA[org.testng.TestNGException: 
Parameter 'browsertype' is required by BeforeTest on method setUP but has not been marked @Optional or defined
in C:\Users\sonar\eclipse-workspace\SeliniumData\test-output\testng-failed.xml
... Removed 21 stack frames]]>
    </failure>
  </testcase> <!-- @BeforeTest setUP -->
  <testcase classname="TestNG.demo55" name="@BeforeTest setUP" time="-1.660961247387E9">
    <skipped/>
  </testcase> <!-- @BeforeTest setUP -->
  <testcase classname="TestNG.demo7" name="homepageTitle" time="0.0">
    <skipped/>
  </testcase> <!-- homepageTitle -->
  <testcase classname="TestNG.demo22" name="homepageTitle" time="0.0">
    <skipped/>
  </testcase> <!-- homepageTitle -->
  <testcase classname="TestNG.demo32" name="homepageTitle" time="0.0">
    <skipped/>
  </testcase> <!-- homepageTitle -->
  <testcase classname="TestNG.demo55" name="loginFunctionality" time="0.0">
    <failure type="org.testng.TestNGException" message="
Parameter &amp;apos;username&amp;apos; is required by @Test on method loginFunctionality but has not been marked @Optional or defined
in C:\Users\sonar\eclipse-workspace\SeliniumData\test-output\testng-failed.xml">
      <![CDATA[org.testng.TestNGException: 
Parameter 'username' is required by @Test on method loginFunctionality but has not been marked @Optional or defined
in C:\Users\sonar\eclipse-workspace\SeliniumData\test-output\testng-failed.xml
at java.base/java.util.ArrayList.forEach(ArrayList.java:1511)
... Removed 26 stack frames]]>
    </failure>
  </testcase> <!-- loginFunctionality -->
  <testcase classname="TestNG.demo19" name="loginFunctionality" time="0.0">
    <failure type="org.testng.TestNGException" message="
Parameter &amp;apos;username&amp;apos; is required by @Test on method loginFunctionality but has not been marked @Optional or defined
in C:\Users\sonar\eclipse-workspace\SeliniumData\test-output\testng-failed.xml">
      <![CDATA[org.testng.TestNGException: 
Parameter 'username' is required by @Test on method loginFunctionality but has not been marked @Optional or defined
in C:\Users\sonar\eclipse-workspace\SeliniumData\test-output\testng-failed.xml
at java.base/java.util.ArrayList.forEach(ArrayList.java:1511)
... Removed 26 stack frames]]>
    </failure>
  </testcase> <!-- loginFunctionality -->
  <testcase classname="TestNG.demo55" name="validateHomePageTitle" time="0.0">
    <skipped/>
  </testcase> <!-- validateHomePageTitle -->
  <testcase classname="TestNG.demo19" name="validateHomePageTitle" time="0.0">
    <skipped/>
  </testcase> <!-- validateHomePageTitle -->
  <testcase classname="TestNG.demo7" name="validatehomePageUrl" time="0.0">
    <skipped/>
  </testcase> <!-- validatehomePageUrl -->
  <testcase classname="TestNG.demo22" name="validatehomePageUrl" time="0.0">
    <skipped/>
  </testcase> <!-- validatehomePageUrl -->
  <testcase classname="TestNG.demo32" name="validatehomePageUrl" time="0.0">
    <skipped/>
  </testcase> <!-- validatehomePageUrl -->
  <testcase classname="TestNG.demo7" name="homePageLogo" time="0.0">
    <skipped/>
  </testcase> <!-- homePageLogo -->
  <testcase classname="TestNG.demo22" name="homePageLogo" time="0.0">
    <skipped/>
  </testcase> <!-- homePageLogo -->
  <testcase classname="TestNG.demo32" name="homePageLogo" time="0.0">
    <skipped/>
  </testcase> <!-- homePageLogo -->
  <testcase classname="TestNG.demo55" name="validateHomePageUrl" time="0.0">
    <skipped/>
  </testcase> <!-- validateHomePageUrl -->
  <testcase classname="TestNG.demo19" name="validateHomePageUrl" time="0.0">
    <skipped/>
  </testcase> <!-- validateHomePageUrl -->
  <testcase classname="TestNG.demo55" name="validateHomePageLogo" time="0.0">
    <skipped/>
  </testcase> <!-- validateHomePageLogo -->
  <testcase classname="TestNG.demo19" name="validateHomePageLogo" time="0.0">
    <skipped/>
  </testcase> <!-- validateHomePageLogo -->
  <testcase classname="TestNG.demo55" name="validateUserIsonPIMPage" time="0.0">
    <skipped/>
  </testcase> <!-- validateUserIsonPIMPage -->
  <testcase classname="TestNG.demo19" name="validateUserIsonPIMPage" time="0.0">
    <skipped/>
  </testcase> <!-- validateUserIsonPIMPage -->
  <testcase classname="TestNG.demo55" name="createANewEmployee" time="0.0">
    <skipped/>
  </testcase> <!-- createANewEmployee -->
  <testcase classname="TestNG.demo19" name="createANewEmployee" time="0.0">
    <skipped/>
  </testcase> <!-- createANewEmployee -->
  <testcase classname="TestNG.demo55" name="searchEmployeeInPIMPage" time="0.0">
    <skipped/>
  </testcase> <!-- searchEmployeeInPIMPage -->
  <testcase classname="TestNG.demo19" name="searchEmployeeInPIMPage" time="0.0">
    <skipped/>
  </testcase> <!-- searchEmployeeInPIMPage -->
  <testcase classname="TestNG.demo55" name="deleteUserInPIM" time="0.0">
    <skipped/>
  </testcase> <!-- deleteUserInPIM -->
  <testcase classname="TestNG.demo19" name="deleteUserInPIM" time="0.0">
    <skipped/>
  </testcase> <!-- deleteUserInPIM -->
</testsuite> <!-- Default test(failed) -->
